<?xml version="1.0" encoding="utf-8"?><testsuites><testsuite name="pytest" errors="0" failures="0" skipped="0" tests="18" time="6.381" timestamp="2024-08-27T12:21:23.661099+00:00" hostname="015dbddedbc8"><testcase classname="blog.tests.TestBlogPostOrdering" name="test_posts_list_ascending_order" time="1.255" /><testcase classname="blog.tests.TestBlogPostOrdering" name="test_posts_list_descending_order" time="0.233" /><testcase classname="blog.tests.TestCreateBlogPost" name="test_create_blog_post_unauthorized" time="0.227" /><testcase classname="blog.tests.TestCreateBlogPost" name="test_create_blog_post_validation" time="0.450" /><testcase classname="blog.tests.TestCreateBlogPost" name="test_create_blog_post" time="0.450" /><testcase classname="blog.tests.TestBlogPostDetails" name="test_blog_post_detail" time="0.227" /><testcase classname="blog.tests.TestBlogPostDetails" name="test_blog_post_detail_unauthorized" time="0.233" /><testcase classname="blog.tests.TestBlogPostDetails" name="test_blog_post_detail_validation" time="0.454" /><testcase classname="blog.tests.TestBlogPostDetails" name="test_update_blog_post_detail" time="0.472" /><testcase classname="blog.tests.TestBlogPostDetails" name="test_delete_blog_post_detail_validation" time="0.229" /><testcase classname="user.tests.UserRegisterTests" name="test_user_register_already_exist" time="0.238" /><testcase classname="user.tests.UserRegisterTests" name="test_user_register_created" time="0.292" /><testcase classname="user.tests.UserRegisterTests" name="test_user_register_validation" time="0.007" /><testcase classname="user.tests.UserLoginTests" name="test_user_login" time="0.446" /><testcase classname="user.tests.UserLoginTests" name="test_user_login_empty_data" time="0.004" /><testcase classname="user.tests.UserLoginTests" name="test_user_login_validation" time="0.220" /><testcase classname="user.tests.UserLogoutTests" name="test_user_logout" time="0.237" /><testcase classname="user.tests.UserLogoutTests" name="test_user_logout_empty_data" time="0.038" /></testsuite></testsuites>